Arguments: 
  /snap/node/3292/bin/node /usr/local/bin/yarn global dir

PATH: 
  /usr/local/lib/node_modules/npm/node_modules/npm-lifecycle/node-gyp-bin:/home/sohail/Documents/Tuts/signalclone/node_modules/.bin:/home/sohail/anaconda3/condabin:/usr/local/sbin:/usr/local/bin:/usr/sbin:/usr/bin:/sbin:/bin:/usr/games:/usr/local/games:/snap/bin:/home/sohail/Android/Sdk/emulator:/home/sohail/Android/Sdk/tools:/home/sohail/Android/Sdk/tools/bin:/home/sohail/Android/Sdk/platform-tools

Yarn version: 
  1.22.10

Node version: 
  12.19.0

Platform: 
  linux x64

Trace: 
  Error: EACCES: permission denied, write
      at writeSync (fs.js:679:3)
      at SyncWriteStream._write (internal/fs/sync_write_stream.js:24:3)
      at doWrite (_stream_writable.js:403:12)
      at writeOrBuffer (_stream_writable.js:387:5)
      at SyncWriteStream.Writable.write (_stream_writable.js:318:11)
      at ConsoleReporter._log (/usr/local/lib/node_modules/yarn/lib/cli.js:96330:17)
      at ConsoleReporter.log (/usr/local/lib/node_modules/yarn/lib/cli.js:96318:10)
      at dir (/usr/local/lib/node_modules/yarn/lib/cli.js:36256:14)
      at Object.<anonymous> (/usr/local/lib/node_modules/yarn/lib/cli.js:25940:25)
      at Generator.next (<anonymous>)

npm manifest: 
  {
    "main": "node_modules/expo/AppEntry.js",
    "scripts": {
      "start": "expo start",
      "android": "expo start --android",
      "ios": "expo start --ios",
      "web": "expo start --web",
      "eject": "expo eject"
    },
    "dependencies": {
      "@react-native-community/masked-view": "0.1.10",
      "@react-navigation/native": "^5.9.2",
      "@react-navigation/stack": "^5.14.2",
      "expo": "~40.0.0",
      "expo-status-bar": "~1.0.3",
      "react": "16.13.1",
      "react-dom": "16.13.1",
      "react-native": "https://github.com/expo/react-native/archive/sdk-40.0.1.tar.gz",
      "react-native-elements": "^3.1.0",
      "react-native-gesture-handler": "~1.8.0",
      "react-native-reanimated": "~1.13.0",
      "react-native-safe-area-context": "3.1.9",
      "react-native-screens": "~2.15.2",
      "react-native-web": "~0.13.12"
    },
    "devDependencies": {
      "@babel/core": "~7.9.0",
      "firebase": "^8.2.5"
    },
    "private": true
  }

yarn manifest: 
  No manifest

Lockfile: 
  No lockfile
